2024-09-03T22:45:55.978+01:00,INFO,Starting application...
2024-09-03T22:48:26.103+01:00,INFO,Starting application...
2024-09-03T22:48:26.141+01:00,WARNING,Cannot get Common Name: list index out of range
2024-09-03T22:48:26.142+01:00,WARNING,ssl_target_name_override is applied, should be used for testing only!
2024-09-03T22:48:26.166+01:00,INFO,Collecting Capabilities...
2024-09-03T22:48:26.238+01:00,INFO,Collection of Capabilities is successfull
2024-09-03T22:48:26.239+01:00,INFO,Selected encoding 'json' based on capabilities
2024-09-03T22:48:26.239+01:00,INFO,Collecting Capabilities...
2024-09-03T22:48:26.347+01:00,INFO,Collection of Capabilities is successfull
2024-09-03T22:48:26.347+01:00,INFO,Collecting Capabilities...
2024-09-03T22:48:26.470+01:00,INFO,Collection of Capabilities is successfull
2024-09-03T22:48:59.046+01:00,INFO,Starting application...
2024-09-03T22:49:12.289+01:00,INFO,Starting application...
2024-09-03T22:50:30.837+01:00,INFO,Starting application...
2024-09-03T22:50:30.891+01:00,WARNING,Cannot get Common Name: list index out of range
2024-09-03T22:50:30.892+01:00,WARNING,ssl_target_name_override is applied, should be used for testing only!
2024-09-03T22:50:30.915+01:00,INFO,Collecting Capabilities...
2024-09-03T22:50:31.012+01:00,INFO,Collection of Capabilities is successfull
2024-09-03T22:50:31.013+01:00,INFO,Selected encoding 'json' based on capabilities
2024-09-03T22:50:31.013+01:00,INFO,Collecting Capabilities...
2024-09-03T22:50:31.074+01:00,INFO,Collection of Capabilities is successfull
2024-09-03T22:50:31.074+01:00,INFO,Collecting info from requested paths (Get operation)...
2024-09-03T22:50:47.877+01:00,INFO,Starting application...
2024-09-03T22:50:47.907+01:00,WARNING,Cannot get Common Name: list index out of range
2024-09-03T22:50:47.907+01:00,WARNING,ssl_target_name_override is applied, should be used for testing only!
2024-09-03T22:50:47.926+01:00,INFO,Collecting Capabilities...
2024-09-03T22:50:47.989+01:00,INFO,Collection of Capabilities is successfull
2024-09-03T22:50:47.990+01:00,INFO,Selected encoding 'json' based on capabilities
2024-09-03T22:50:47.990+01:00,INFO,Collecting Capabilities...
2024-09-03T22:50:48.054+01:00,INFO,Collection of Capabilities is successfull
2024-09-03T22:50:48.054+01:00,INFO,Collecting info from requested paths (Get operation)...
2024-09-03T22:51:58.682+01:00,INFO,Starting application...
2024-09-03T22:51:58.720+01:00,WARNING,Cannot get Common Name: list index out of range
2024-09-03T22:51:58.721+01:00,WARNING,ssl_target_name_override is applied, should be used for testing only!
2024-09-03T22:51:58.742+01:00,INFO,Collecting Capabilities...
2024-09-03T22:51:58.813+01:00,INFO,Collection of Capabilities is successfull
2024-09-03T22:51:58.813+01:00,INFO,Selected encoding 'json' based on capabilities
2024-09-03T22:51:58.813+01:00,INFO,Collecting Capabilities...
2024-09-03T22:51:58.867+01:00,INFO,Collection of Capabilities is successfull
2024-09-03T22:51:58.867+01:00,INFO,Collecting info from requested paths (Get operation)...
2024-09-03T22:56:40.049+01:00,INFO,Starting application...
2024-09-03T22:56:54.589+01:00,INFO,Starting application...
2024-09-03T22:57:29.713+01:00,INFO,Starting application...
2024-09-03T22:57:29.759+01:00,WARNING,Cannot get Common Name: list index out of range
2024-09-03T22:57:29.759+01:00,WARNING,ssl_target_name_override is applied, should be used for testing only!
2024-09-03T22:57:29.782+01:00,INFO,Collecting Capabilities...
2024-09-03T22:57:29.864+01:00,INFO,Collection of Capabilities is successfull
2024-09-03T22:57:29.865+01:00,INFO,Selected encoding 'json' based on capabilities
2024-09-03T22:57:29.865+01:00,INFO,Collecting Capabilities...
2024-09-03T22:57:29.939+01:00,INFO,Collection of Capabilities is successfull
2024-09-03T22:57:29.939+01:00,INFO,Collecting info from requested paths (Get operation)...
2024-09-03T22:57:34.648+01:00,INFO,Starting application...
2024-09-03T22:57:34.688+01:00,WARNING,Cannot get Common Name: list index out of range
2024-09-03T22:57:34.688+01:00,WARNING,ssl_target_name_override is applied, should be used for testing only!
2024-09-03T22:57:34.705+01:00,INFO,Collecting Capabilities...
2024-09-03T22:57:34.776+01:00,INFO,Collection of Capabilities is successfull
2024-09-03T22:57:34.776+01:00,INFO,Selected encoding 'json' based on capabilities
2024-09-03T22:57:34.776+01:00,INFO,Collecting Capabilities...
2024-09-03T22:57:34.835+01:00,INFO,Collection of Capabilities is successfull
2024-09-03T22:57:34.835+01:00,INFO,Collecting info from requested paths (Get operation)...
2024-09-03T22:57:45.048+01:00,INFO,Starting application...
2024-09-03T22:57:45.084+01:00,WARNING,Cannot get Common Name: list index out of range
2024-09-03T22:57:45.084+01:00,WARNING,ssl_target_name_override is applied, should be used for testing only!
2024-09-03T22:57:45.102+01:00,INFO,Collecting Capabilities...
2024-09-03T22:57:45.163+01:00,INFO,Collection of Capabilities is successfull
2024-09-03T22:57:45.163+01:00,INFO,Selected encoding 'json' based on capabilities
2024-09-03T22:57:45.163+01:00,INFO,Collecting Capabilities...
2024-09-03T22:57:45.278+01:00,INFO,Collection of Capabilities is successfull
2024-09-03T22:57:45.279+01:00,INFO,Collecting info from requested paths (Get operation)...
2024-09-03T22:57:45.397+01:00,CRITICAL,GRPC ERROR Host: clab-dell-sonic-test-leaf1:8080, Error: Node json_ietf not found in the given gnmi path elem:{name:"json_ietf"}: 
2024-09-03T22:58:02.789+01:00,INFO,Starting application...
2024-09-03T22:58:02.824+01:00,WARNING,Cannot get Common Name: list index out of range
2024-09-03T22:58:02.824+01:00,WARNING,ssl_target_name_override is applied, should be used for testing only!
2024-09-03T22:58:02.841+01:00,INFO,Collecting Capabilities...
2024-09-03T22:58:02.907+01:00,INFO,Collection of Capabilities is successfull
2024-09-03T22:58:02.907+01:00,INFO,Selected encoding 'json' based on capabilities
2024-09-03T22:58:02.907+01:00,INFO,Collecting Capabilities...
2024-09-03T22:58:02.990+01:00,INFO,Collection of Capabilities is successfull
2024-09-03T22:58:02.990+01:00,INFO,Collecting info from requested paths (Get operation)...
2024-09-03T22:58:09.943+01:00,INFO,Starting application...
2024-09-03T22:58:09.980+01:00,WARNING,Cannot get Common Name: list index out of range
2024-09-03T22:58:09.980+01:00,WARNING,ssl_target_name_override is applied, should be used for testing only!
2024-09-03T22:58:09.997+01:00,INFO,Collecting Capabilities...
2024-09-03T22:58:10.069+01:00,INFO,Collection of Capabilities is successfull
2024-09-03T22:58:10.069+01:00,INFO,Selected encoding 'json' based on capabilities
2024-09-03T22:58:10.069+01:00,INFO,Collecting Capabilities...
2024-09-03T22:58:10.158+01:00,INFO,Collection of Capabilities is successfull
2024-09-03T22:58:10.159+01:00,INFO,Collecting info from requested paths (Get operation)...
2024-09-03T22:58:25.623+01:00,INFO,Starting application...
2024-09-03T22:58:25.663+01:00,WARNING,Cannot get Common Name: list index out of range
2024-09-03T22:58:25.664+01:00,WARNING,ssl_target_name_override is applied, should be used for testing only!
2024-09-03T22:58:25.679+01:00,INFO,Collecting Capabilities...
2024-09-03T22:58:25.742+01:00,INFO,Collection of Capabilities is successfull
2024-09-03T22:58:25.743+01:00,INFO,Selected encoding 'json' based on capabilities
2024-09-03T22:58:25.743+01:00,INFO,Collecting Capabilities...
2024-09-03T22:58:25.817+01:00,INFO,Collection of Capabilities is successfull
2024-09-03T22:58:25.818+01:00,INFO,Collecting info from requested paths (Get operation)...
2024-09-03T23:10:02.749+01:00,INFO,Starting application...
2024-09-03T23:45:14.857+01:00,INFO,Starting application...
2024-09-03T23:45:14.906+01:00,WARNING,Cannot get Common Name: list index out of range
2024-09-03T23:45:14.906+01:00,WARNING,ssl_target_name_override is applied, should be used for testing only!
2024-09-03T23:45:14.927+01:00,INFO,Collecting Capabilities...
2024-09-03T23:45:14.998+01:00,INFO,Collection of Capabilities is successfull
2024-09-03T23:45:14.999+01:00,INFO,Selected encoding 'json' based on capabilities
2024-09-03T23:45:14.999+01:00,INFO,Collecting Capabilities...
2024-09-03T23:45:15.048+01:00,INFO,Collection of Capabilities is successfull
2024-09-03T23:45:15.048+01:00,INFO,Collecting info from requested paths (Get operation)...
2024-09-03T23:45:38.318+01:00,INFO,Starting application...
2024-09-03T23:45:38.350+01:00,WARNING,Cannot get Common Name: list index out of range
2024-09-03T23:45:38.350+01:00,WARNING,ssl_target_name_override is applied, should be used for testing only!
2024-09-03T23:45:38.363+01:00,INFO,Collecting Capabilities...
2024-09-03T23:45:38.422+01:00,INFO,Collection of Capabilities is successfull
2024-09-03T23:45:38.422+01:00,INFO,Selected encoding 'json' based on capabilities
2024-09-03T23:45:38.423+01:00,INFO,Collecting Capabilities...
2024-09-03T23:45:38.478+01:00,INFO,Collection of Capabilities is successfull
2024-09-03T23:45:38.478+01:00,INFO,Collecting info from requested paths (Get operation)...
2024-09-03T23:48:33.238+01:00,INFO,Starting application...
2024-09-03T23:48:33.276+01:00,WARNING,Cannot get Common Name: list index out of range
2024-09-03T23:48:33.277+01:00,WARNING,ssl_target_name_override is applied, should be used for testing only!
2024-09-03T23:48:33.296+01:00,INFO,Collecting Capabilities...
2024-09-03T23:48:33.360+01:00,INFO,Collection of Capabilities is successfull
2024-09-03T23:48:33.360+01:00,INFO,Selected encoding 'json' based on capabilities
2024-09-03T23:48:33.360+01:00,INFO,Collecting Capabilities...
2024-09-03T23:48:33.436+01:00,INFO,Collection of Capabilities is successfull
2024-09-03T23:48:33.436+01:00,INFO,Collecting info from requested paths (Get operation)...
2024-09-03T23:48:54.617+01:00,INFO,Starting application...
2024-09-03T23:48:54.647+01:00,WARNING,Cannot get Common Name: list index out of range
2024-09-03T23:48:54.648+01:00,WARNING,ssl_target_name_override is applied, should be used for testing only!
2024-09-03T23:48:54.668+01:00,INFO,Collecting Capabilities...
2024-09-03T23:48:54.752+01:00,INFO,Collection of Capabilities is successfull
2024-09-03T23:48:54.752+01:00,INFO,Selected encoding 'json' based on capabilities
2024-09-03T23:48:54.753+01:00,INFO,Collecting Capabilities...
2024-09-03T23:48:54.816+01:00,INFO,Collection of Capabilities is successfull
2024-09-03T23:48:54.817+01:00,INFO,Collecting info from requested paths (Get operation)...
2024-09-03T23:49:22.776+01:00,INFO,Starting application...
2024-09-03T23:49:22.811+01:00,WARNING,Cannot get Common Name: list index out of range
2024-09-03T23:49:22.812+01:00,WARNING,ssl_target_name_override is applied, should be used for testing only!
2024-09-03T23:49:22.829+01:00,INFO,Collecting Capabilities...
2024-09-03T23:49:22.899+01:00,INFO,Collection of Capabilities is successfull
2024-09-03T23:49:22.899+01:00,INFO,Selected encoding 'json' based on capabilities
2024-09-03T23:49:22.899+01:00,INFO,Collecting Capabilities...
2024-09-03T23:49:22.961+01:00,INFO,Collection of Capabilities is successfull
2024-09-03T23:49:22.961+01:00,INFO,Collecting info from requested paths (Get operation)...
2024-09-04T00:00:20.069+01:00,INFO,Starting application...
2024-09-04T00:00:20.107+01:00,WARNING,Cannot get Common Name: list index out of range
2024-09-04T00:00:20.107+01:00,WARNING,ssl_target_name_override is applied, should be used for testing only!
2024-09-04T00:00:20.126+01:00,INFO,Collecting Capabilities...
2024-09-04T00:00:20.188+01:00,INFO,Collection of Capabilities is successfull
2024-09-04T00:00:20.188+01:00,INFO,Selected encoding 'json' based on capabilities
2024-09-04T00:00:20.188+01:00,INFO,Collecting Capabilities...
2024-09-04T00:00:20.243+01:00,INFO,Collection of Capabilities is successfull
2024-09-04T00:00:20.243+01:00,INFO,Collecting info from requested paths (Get operation)...
2024-09-04T00:00:30.366+01:00,INFO,Starting application...
2024-09-04T00:00:30.395+01:00,WARNING,Cannot get Common Name: list index out of range
2024-09-04T00:00:30.395+01:00,WARNING,ssl_target_name_override is applied, should be used for testing only!
2024-09-04T00:00:30.415+01:00,INFO,Collecting Capabilities...
2024-09-04T00:00:30.475+01:00,INFO,Collection of Capabilities is successfull
2024-09-04T00:00:30.476+01:00,INFO,Selected encoding 'json' based on capabilities
2024-09-04T00:00:30.476+01:00,INFO,Collecting Capabilities...
2024-09-04T00:00:30.537+01:00,INFO,Collection of Capabilities is successfull
2024-09-04T00:00:30.537+01:00,INFO,Collecting info from requested paths (Get operation)...
2024-09-04T00:00:49.933+01:00,INFO,Starting application...
2024-09-04T00:00:49.970+01:00,WARNING,Cannot get Common Name: list index out of range
2024-09-04T00:00:49.970+01:00,WARNING,ssl_target_name_override is applied, should be used for testing only!
2024-09-04T00:00:49.988+01:00,INFO,Collecting Capabilities...
2024-09-04T00:00:50.065+01:00,INFO,Collection of Capabilities is successfull
2024-09-04T00:00:50.065+01:00,INFO,Selected encoding 'json' based on capabilities
2024-09-04T00:00:50.065+01:00,INFO,Collecting Capabilities...
2024-09-04T00:00:50.118+01:00,INFO,Collection of Capabilities is successfull
2024-09-04T00:00:50.118+01:00,INFO,Collecting info from requested paths (Get operation)...
2024-09-04T00:02:08.936+01:00,INFO,Starting application...
2024-09-04T00:02:08.970+01:00,WARNING,Cannot get Common Name: list index out of range
2024-09-04T00:02:08.970+01:00,WARNING,ssl_target_name_override is applied, should be used for testing only!
2024-09-04T00:02:08.987+01:00,INFO,Collecting Capabilities...
2024-09-04T00:02:09.046+01:00,INFO,Collection of Capabilities is successfull
2024-09-04T00:02:09.046+01:00,INFO,Selected encoding 'json' based on capabilities
2024-09-04T00:02:09.046+01:00,INFO,Collecting Capabilities...
2024-09-04T00:02:09.105+01:00,INFO,Collection of Capabilities is successfull
2024-09-04T00:02:09.106+01:00,INFO,Collecting info from requested paths (Get operation)...
2024-09-04T00:03:10.445+01:00,INFO,Starting application...
2024-09-04T00:03:10.478+01:00,WARNING,Cannot get Common Name: list index out of range
2024-09-04T00:03:10.478+01:00,WARNING,ssl_target_name_override is applied, should be used for testing only!
2024-09-04T00:03:10.494+01:00,INFO,Collecting Capabilities...
2024-09-04T00:03:10.560+01:00,INFO,Collection of Capabilities is successfull
2024-09-04T00:03:10.560+01:00,INFO,Selected encoding 'json' based on capabilities
2024-09-04T00:03:10.561+01:00,INFO,Collecting Capabilities...
2024-09-04T00:03:10.632+01:00,INFO,Collection of Capabilities is successfull
2024-09-04T00:03:10.633+01:00,INFO,Collecting info from requested paths (Get operation)...
2024-09-04T00:03:57.759+01:00,INFO,Starting application...
2024-09-04T00:03:57.798+01:00,WARNING,Cannot get Common Name: list index out of range
2024-09-04T00:03:57.799+01:00,WARNING,ssl_target_name_override is applied, should be used for testing only!
2024-09-04T00:03:57.813+01:00,INFO,Collecting Capabilities...
2024-09-04T00:03:57.883+01:00,INFO,Collection of Capabilities is successfull
2024-09-04T00:03:57.883+01:00,INFO,Selected encoding 'json' based on capabilities
2024-09-04T00:03:57.884+01:00,INFO,Collecting Capabilities...
2024-09-04T00:03:57.942+01:00,INFO,Collection of Capabilities is successfull
2024-09-04T00:03:57.943+01:00,INFO,Collecting info from requested paths (Get operation)...
2024-09-04T00:04:49.715+01:00,INFO,Starting application...
2024-09-04T00:04:49.783+01:00,WARNING,Cannot get Common Name: list index out of range
2024-09-04T00:04:49.784+01:00,WARNING,ssl_target_name_override is applied, should be used for testing only!
2024-09-04T00:04:49.800+01:00,INFO,Collecting Capabilities...
2024-09-04T00:04:49.871+01:00,INFO,Collection of Capabilities is successfull
2024-09-04T00:04:49.872+01:00,INFO,Selected encoding 'json' based on capabilities
2024-09-04T00:04:49.872+01:00,INFO,Collecting Capabilities...
2024-09-04T00:04:49.949+01:00,INFO,Collection of Capabilities is successfull
2024-09-04T00:04:49.949+01:00,INFO,Collecting info from requested paths (Get operation)...
2024-09-04T00:10:07.090+01:00,INFO,Starting application...
2024-09-04T00:10:07.139+01:00,WARNING,Cannot get Common Name: list index out of range
2024-09-04T00:10:07.139+01:00,WARNING,ssl_target_name_override is applied, should be used for testing only!
2024-09-04T00:10:07.164+01:00,INFO,Collecting Capabilities...
2024-09-04T00:10:07.243+01:00,INFO,Collection of Capabilities is successfull
2024-09-04T00:10:07.243+01:00,INFO,Selected encoding 'json' based on capabilities
2024-09-04T00:10:07.244+01:00,INFO,Collecting Capabilities...
2024-09-04T00:10:07.305+01:00,INFO,Collection of Capabilities is successfull
2024-09-04T00:10:07.305+01:00,INFO,Collecting info from requested paths (Get operation)...
2024-09-04T00:10:44.386+01:00,INFO,Starting application...
2024-09-04T00:10:44.420+01:00,WARNING,Cannot get Common Name: list index out of range
2024-09-04T00:10:44.420+01:00,WARNING,ssl_target_name_override is applied, should be used for testing only!
2024-09-04T00:10:44.438+01:00,INFO,Collecting Capabilities...
2024-09-04T00:10:44.511+01:00,INFO,Collection of Capabilities is successfull
2024-09-04T00:10:44.511+01:00,INFO,Selected encoding 'json' based on capabilities
2024-09-04T00:10:44.511+01:00,INFO,Collecting Capabilities...
2024-09-04T00:10:44.586+01:00,INFO,Collection of Capabilities is successfull
2024-09-04T00:10:44.586+01:00,INFO,Collecting info from requested paths (Get operation)...
2024-09-04T00:11:18.277+01:00,INFO,Starting application...
2024-09-04T00:11:18.308+01:00,WARNING,Cannot get Common Name: list index out of range
2024-09-04T00:11:18.309+01:00,WARNING,ssl_target_name_override is applied, should be used for testing only!
2024-09-04T00:11:18.325+01:00,INFO,Collecting Capabilities...
2024-09-04T00:11:18.381+01:00,INFO,Collection of Capabilities is successfull
2024-09-04T00:11:18.381+01:00,INFO,Selected encoding 'json' based on capabilities
2024-09-04T00:11:18.381+01:00,INFO,Collecting Capabilities...
2024-09-04T00:11:18.472+01:00,INFO,Collection of Capabilities is successfull
2024-09-04T00:11:18.472+01:00,INFO,Collecting info from requested paths (Get operation)...
2024-09-04T00:20:58.523+01:00,INFO,Starting application...
2024-09-04T00:20:58.557+01:00,WARNING,Cannot get Common Name: list index out of range
2024-09-04T00:20:58.558+01:00,WARNING,ssl_target_name_override is applied, should be used for testing only!
2024-09-04T00:20:58.576+01:00,INFO,Collecting Capabilities...
2024-09-04T00:20:58.641+01:00,INFO,Collection of Capabilities is successfull
2024-09-04T00:20:58.641+01:00,INFO,Selected encoding 'json' based on capabilities
2024-09-04T00:20:58.641+01:00,INFO,Collecting Capabilities...
2024-09-04T00:20:58.700+01:00,INFO,Collection of Capabilities is successfull
2024-09-04T00:20:58.700+01:00,INFO,Collecting info from requested paths (Get operation)...
2024-09-04T00:21:16.683+01:00,INFO,Starting application...
2024-09-04T00:22:22.385+01:00,INFO,Starting application...
2024-09-04T00:22:22.426+01:00,WARNING,Cannot get Common Name: list index out of range
2024-09-04T00:22:22.426+01:00,WARNING,ssl_target_name_override is applied, should be used for testing only!
2024-09-04T00:22:22.443+01:00,INFO,Collecting Capabilities...
2024-09-04T00:22:22.525+01:00,INFO,Collection of Capabilities is successfull
2024-09-04T00:22:22.526+01:00,INFO,Selected encoding 'json' based on capabilities
2024-09-04T00:22:22.526+01:00,INFO,Collecting Capabilities...
2024-09-04T00:22:22.575+01:00,INFO,Collection of Capabilities is successfull
2024-09-04T00:22:22.575+01:00,INFO,Collecting info from requested paths (Get operation)...
2024-09-04T00:23:13.590+01:00,INFO,Starting application...
2024-09-04T00:23:13.621+01:00,WARNING,Cannot get Common Name: list index out of range
2024-09-04T00:23:13.622+01:00,WARNING,ssl_target_name_override is applied, should be used for testing only!
2024-09-04T00:23:13.637+01:00,INFO,Collecting Capabilities...
2024-09-04T00:23:13.738+01:00,INFO,Collection of Capabilities is successfull
2024-09-04T00:23:13.738+01:00,INFO,Selected encoding 'json' based on capabilities
2024-09-04T00:23:13.738+01:00,INFO,Collecting Capabilities...
2024-09-04T00:23:13.817+01:00,INFO,Collection of Capabilities is successfull
2024-09-04T00:23:13.818+01:00,INFO,Collecting info from requested paths (Get operation)...
